<?xml version="1.0" encoding="UTF-8"?>
<!-- Generated by org.testng.reporters.JUnitReportReporter -->
<testsuite hostname="DESKTOP-1SPCNEB" failures="0" tests="1" name="testLayer.VerifyCountryTest" time="25.169" errors="0" timestamp="2022-08-11T17:49:36 IST" skipped="0">
  <testcase classname="testLayer.VerifyCountryTest" name="compareCountry" time="25.169"/>
  <system-out/>
</testsuite> <!-- testLayer.VerifyCountryTest -->
