<?xml version="1.0" encoding="UTF-8"?>
<!-- Generated by org.testng.reporters.JUnitReportReporter -->
<testsuite hostname="DESKTOP-1SPCNEB" failures="0" tests="1" name="testLayer.MovieTest" time="26.427" errors="0" timestamp="2022-08-11T17:44:43 IST" skipped="0">
  <testcase classname="testLayer.MovieTest" name="compareReleaseDate" time="26.427"/>
  <system-out/>
</testsuite> <!-- testLayer.MovieTest -->
