<?xml version="1.0" encoding="UTF-8"?>
<!-- Generated by org.testng.reporters.JUnitReportReporter -->
<testsuite hostname="DESKTOP-1SPCNEB" failures="0" tests="1" name="com.testVagrant.testLayer.VerifyCountryTest" time="23.100" errors="0" timestamp="2022-08-11T18:02:19 IST" skipped="0">
  <testcase classname="com.testVagrant.testLayer.VerifyCountryTest" name="compareCountry" time="23.100"/>
  <system-out/>
</testsuite> <!-- com.testVagrant.testLayer.VerifyCountryTest -->
