<?xml version="1.0" encoding="UTF-8"?>
<!-- Generated by org.testng.reporters.JUnitReportReporter -->
<testsuite hostname="DESKTOP-1SPCNEB" failures="0" tests="1" name="testLayer.VerifyReleaseDateTest" time="23.981" errors="0" timestamp="2022-08-11T17:49:36 IST" skipped="0">
  <testcase classname="testLayer.VerifyReleaseDateTest" name="compareReleaseDate" time="23.981"/>
  <system-out/>
</testsuite> <!-- testLayer.VerifyReleaseDateTest -->
